<?xml version="1.0" encoding="UTF-8"?>
<coverage generated="1710817145617" clover="3.2.0">
  <project timestamp="1710817145618" name="All files">
    <metrics statements="15" coveredstatements="5" conditionals="10" coveredconditionals="0" methods="3" coveredmethods="2" elements="28" coveredelements="7" complexity="0" loc="15" ncloc="15" packages="1" files="1" classes="1"/>
    <file name="util.js" path="/home/iseddev/Documentos/iseddev/DH/CTD_DigitalHouse/3ER_BIM/Testing_I/Clase_13/C13A_TestUnitario/util.js">
      <metrics statements="15" coveredstatements="5" conditionals="10" coveredconditionals="0" methods="3" coveredmethods="2"/>
      <line num="1" count="1" type="stmt"/>
      <line num="3" count="3" type="stmt"/>
      <line num="6" count="1" type="stmt"/>
      <line num="8" count="1" type="stmt"/>
      <line num="9" count="0" type="stmt"/>
      <line num="10" count="0" type="stmt"/>
      <line num="11" count="0" type="stmt"/>
      <line num="14" count="1" type="stmt"/>
      <line num="16" count="0" type="cond" truecount="0" falsecount="2"/>
      <line num="17" count="0" type="stmt"/>
      <line num="19" count="0" type="cond" truecount="0" falsecount="4"/>
      <line num="20" count="0" type="stmt"/>
      <line num="22" count="0" type="cond" truecount="0" falsecount="4"/>
      <line num="23" count="0" type="stmt"/>
      <line num="25" count="0" type="stmt"/>
    </file>
  </project>
</coverage>
